<?xml version="1.0" encoding="UTF-8"?>
<!-- Generated by org.testng.reporters.JUnitReportReporter -->
<testsuite skipped="0" hostname="BNGWIP-L-98524" name="com.pom.testcases.LoginpageTest" tests="1" failures="0" timestamp="11 Oct 2018 11:13:24 GMT" time="32.922" errors="0">
  <testcase name="logintests" time="32.922" classname="com.pom.testcases.LoginpageTest"/>
</testsuite> <!-- com.pom.testcases.LoginpageTest -->
